<testsuites>
  <testsuite name="SampleProject.dll" tests="2" skipped="0" failures="0" errors="0" time="0.0336954" timestamp="2024-01-23T12:26:24" hostname="fv-az1383-531" id="0" package="SampleProject.dll">
    <properties />
    <testcase classname="SampleProject.TestUserLoginFeature" name="VerifyThatUserIsAbleToLoginWithValidCredentials" time="0.0324951" />
    <testcase classname="SampleProject.TestUserLoginFeature" name="VerifyThatIsNotAbleToLoginWithInvalidCredentials" time="0.0012003" />
    <system-out>Given User enters 'Aravindan' and 'Kaiv'
-&gt; done: TestUserLoginStepDefinitions.GivenUserEntersAnd("Aravindan", "Kaiv") (0.0s)
When User clicks on login
-&gt; done: TestUserLoginStepDefinitions.WhenUserClicksOnLogin() (0.0s)
Then Response should be True
-&gt; done: TestUserLoginStepDefinitions.ThenResponseShouldBeTrue() (0.0s)

Given User enters 'username' and 'password'
-&gt; done: TestUserLoginStepDefinitions.GivenUserEntersAnd("username", "password") (0.0s)
When User clicks on login
-&gt; done: TestUserLoginStepDefinitions.WhenUserClicksOnLogin() (0.0s)
Then Response should be false
-&gt; done: TestUserLoginStepDefinitions.ThenResponseShouldBeFalse() (0.0s)


Test Framework Informational Messages:
[xUnit.net 00:00:00.00] xUnit.net VSTest Adapter v2.4.5+1caef2f33e (64-bit .NET 6.0.26)
[xUnit.net 00:00:01.98]   Discovering: SampleProject
[xUnit.net 00:00:02.05]   Discovered:  SampleProject
[xUnit.net 00:00:02.05]   Starting:    SampleProject
[xUnit.net 00:00:02.38]   Finished:    SampleProject
</system-out>
    <system-err></system-err>
  </testsuite>
</testsuites>